2026-04-11 00:00:00 INFO Request processed successfully
2026-04-11 00:15:00 DEBUG Database query executed
2026-04-11 01:00:00 INFO Cache hit
2026-04-11 01:30:00 INFO Session created
2026-04-11 02:00:00 INFO API response sent
2026-04-11 02:45:00 DEBUG Health check passed
2026-04-11 03:00:00 INFO Connection pool status: 15/20
2026-04-11 03:20:00 DEBUG Memory usage: 512MB
2026-04-11 04:00:00 INFO Request processed successfully
2026-04-11 04:30:00 INFO Database query executed
2026-04-11 05:00:00 DEBUG Cache hit
2026-04-11 05:15:00 INFO Session created
2026-04-11 06:00:00 INFO API response sent
2026-04-11 06:30:00 DEBUG Health check passed
2026-04-11 07:00:00 INFO Connection pool status: 18/20
2026-04-11 07:45:00 INFO Memory usage: 480MB
2026-04-11 08:00:00 INFO Request processed successfully
2026-04-11 08:20:00 WARN High memory usage: 85%
2026-04-11 09:00:00 INFO Database query executed
2026-04-11 09:30:00 DEBUG Cache hit
2026-04-11 10:00:00 INFO Session created
2026-04-11 10:45:00 INFO API response sent
2026-04-11 11:00:00 DEBUG Health check passed
2026-04-11 11:30:00 INFO Connection pool status: 20/20
2026-04-11 12:00:00 INFO Memory usage: 600MB
2026-04-11 12:30:00 INFO Request processed successfully
2026-04-11 13:00:00 DEBUG Database query executed
2026-04-11 13:15:00 INFO Cache hit
2026-04-11 14:00:00 INFO Session created
2026-04-11 14:30:00 WARN Slow query detected: 2.5s
2026-04-11 15:00:00 INFO API response sent
2026-04-11 15:45:00 DEBUG Health check passed
2026-04-11 16:00:00 INFO Connection pool status: 16/20
2026-04-11 16:30:00 ERROR Request timeout
2026-04-11 17:00:00 INFO Memory usage: 550MB
2026-04-11 17:20:00 DEBUG Request processed successfully
2026-04-11 18:00:00 INFO Database query executed
2026-04-11 18:30:00 INFO Cache hit
2026-04-11 19:00:00 DEBUG Session created
2026-04-11 19:45:00 INFO API response sent
2026-04-11 20:00:00 WARN High memory usage: 90%
2026-04-11 20:30:00 INFO Health check passed
2026-04-11 21:00:00 INFO Connection pool status: 12/20
2026-04-11 21:15:00 DEBUG Memory usage: 650MB
2026-04-11 22:00:00 INFO Request processed successfully
2026-04-11 22:30:00 INFO Database query executed
2026-04-11 23:00:00 DEBUG Cache hit
2026-04-11 23:45:00 INFO Session created