2026-04-11 00:00:00 DEBUG Worker thread started
2026-04-11 01:00:00 INFO Job processed: 50
2026-04-11 01:30:00 DEBUG Queue depth: 10
2026-04-11 02:00:00 INFO Job processed: 75
2026-04-11 02:45:00 DEBUG Worker heartbeat
2026-04-11 03:00:00 INFO Job processed: 60
2026-04-11 03:30:00 ERROR Worker crash detected
2026-04-11 04:00:00 DEBUG Worker restarted
2026-04-11 04:15:00 INFO Job processed: 80
2026-04-11 05:00:00 DEBUG Queue depth: 5
2026-04-11 05:30:00 INFO Job processed: 90
2026-04-11 06:00:00 DEBUG Worker heartbeat
2026-04-11 06:45:00 WARN High queue depth: 25
2026-04-11 07:00:00 INFO Job processed: 100
2026-04-11 07:30:00 DEBUG Queue depth: 15
2026-04-11 08:00:00 INFO Job processed: 120
2026-04-11 08:20:00 DEBUG Worker heartbeat
2026-04-11 09:00:00 INFO Job processed: 110
2026-04-11 09:30:00 ERROR Worker timeout
2026-04-11 10:00:00 DEBUG Worker restarted
2026-04-11 10:15:00 INFO Job processed: 95
2026-04-11 11:00:00 DEBUG Queue depth: 8
2026-04-11 11:30:00 INFO Job processed: 85
2026-04-11 12:00:00 DEBUG Worker heartbeat
2026-04-11 12:45:00 WARN Memory usage high: 2GB
2026-04-11 13:00:00 INFO Job processed: 70
2026-04-11 13:30:00 DEBUG Queue depth: 12
2026-04-11 14:00:00 INFO Job processed: 65
2026-04-11 14:20:00 DEBUG Worker heartbeat
2026-04-11 15:00:00 INFO Job processed: 55
2026-04-11 15:30:00 ERROR Worker crash detected
2026-04-11 16:00:00 DEBUG Worker restarted
2026-04-11 16:15:00 INFO Job processed: 78
2026-04-11 17:00:00 DEBUG Queue depth: 3
2026-04-11 17:30:00 INFO Job processed: 92
2026-04-11 18:00:00 DEBUG Worker heartbeat
2026-04-11 18:45:00 INFO Job processed: 105
2026-04-11 19:00:00 WARN High queue depth: 30
2026-04-11 19:30:00 DEBUG Queue depth: 18
2026-04-11 20:00:00 INFO Job processed: 115
2026-04-11 20:20:00 DEBUG Worker heartbeat
2026-04-11 21:00:00 INFO Job processed: 100
2026-04-11 21:30:00 ERROR Worker timeout
2026-04-11 22:00:00 DEBUG Worker restarted
2026-04-11 22:15:00 INFO Job processed: 88
2026-04-11 23:00:00 DEBUG Queue depth: 6
2026-04-11 23:30:00 INFO Job processed: 72