2026-04-11 00:00:00 DEBUG Starting database server
2026-04-11 01:00:00 INFO Connection accepted
2026-04-11 01:30:00 DEBUG Query executed
2026-04-11 02:00:00 INFO Transaction committed
2026-04-11 02:45:00 DEBUG Index scan
2026-04-11 03:00:00 INFO Connection pool: 10 active
2026-04-11 03:30:00 DEBUG Buffer cache hit
2026-04-11 04:00:00 INFO Slow query: 3.2s
2026-04-11 04:15:00 DEBUG Lock acquired
2026-04-11 05:00:00 INFO Transaction rolled back
2026-04-11 05:30:00 DEBUG Deadlock detected
2026-04-11 06:00:00 INFO Connection pool: 15 active
2026-04-11 06:45:00 DEBUG Checkpoint completed
2026-04-11 07:00:00 INFO WAL wrote: 1000 pages
2026-04-11 07:30:00 DEBUG Vacuum started
2026-04-11 08:00:00 INFO Connection accepted
2026-04-11 08:30:00 DEBUG Query executed
2026-04-11 09:00:00 INFO Transaction committed
2026-04-11 09:20:00 DEBUG Index scan
2026-04-11 10:00:00 INFO Connection pool: 20 active
2026-04-11 10:30:00 DEBUG Buffer cache hit
2026-04-11 11:00:00 WARN Slow query: 5.1s
2026-04-11 11:45:00 DEBUG Lock acquired
2026-04-11 12:00:00 INFO Connection accepted
2026-04-11 12:30:00 DEBUG Query executed
2026-04-11 13:00:00 INFO Transaction committed
2026-04-11 13:15:00 DEBUG Index scan
2026-04-11 14:00:00 INFO Connection pool: 18 active
2026-04-11 14:30:00 ERROR Deadlock detected
2026-04-11 15:00:00 DEBUG Checkpoint completed
2026-04-11 15:30:00 INFO WAL wrote: 2000 pages
2026-04-11 16:00:00 DEBUG Vacuum started
2026-04-11 16:45:00 INFO Connection accepted
2026-04-11 17:00:00 DEBUG Query executed
2026-04-11 17:30:00 INFO Transaction committed
2026-04-11 18:00:00 DEBUG Index scan
2026-04-11 18:20:00 INFO Connection pool: 25 active
2026-04-11 19:00:00 DEBUG Buffer cache hit
2026-04-11 19:30:00 WARN Slow query: 4.8s
2026-04-11 20:00:00 INFO Connection accepted
2026-04-11 20:45:00 DEBUG Lock acquired
2026-04-11 21:00:00 INFO Transaction rolled back
2026-04-11 21:30:00 DEBUG Deadlock detected
2026-04-11 22:00:00 INFO Connection pool: 22 active
2026-04-11 22:15:00 DEBUG Checkpoint completed
2026-04-11 23:00:00 INFO WAL wrote: 1500 pages
2026-04-11 23:30:00 DEBUG Vacuum started